2025-05-05 20:00:53,960 - INFO - [START] Inference API hit for patient: 35 from 172.19.0.1
2025-05-05 20:01:11,586 - INFO - [SUCCESS] Processed inference for 35 | Duration: 17.63s
2025-05-05 20:11:26,221 - INFO - Data inserted successfully for patient id 181
2025-05-05 20:14:25,312 - INFO - [START] Inference API hit for patient: 189 from 172.19.0.1
2025-05-05 20:14:36,011 - WARNING - Both images identified as Right eye. Missing left eye image.
2025-05-05 20:27:48,741 - INFO - [START] Inference API hit for patient: 46 from 172.19.0.1
2025-05-05 20:27:58,020 - WARNING - Both images identified as Right eye. Missing left eye image.
2025-05-05 21:04:14,883 - INFO - [START] Inference API hit for patient: 49 from 172.19.0.1
2025-05-05 21:04:23,615 - WARNING - Both images identified as Left eye. Missing right eye image.
2025-05-06 05:03:04,500 - INFO - [START] Inference API hit for patient: 56 from 172.19.0.1
2025-05-06 05:03:13,380 - INFO - [SUCCESS] Processed inference for 56 | Duration: 8.88s
2025-05-06 06:31:54,051 - INFO - [START] Inference API hit for patient: 123 from 172.19.0.1
2025-05-06 06:32:10,363 - INFO - [SUCCESS] Processed inference for 123 | Duration: 16.31s
2025-05-06 06:36:03,034 - INFO - [START] Inference API hit for patient: 678 from 172.19.0.1
2025-05-06 06:36:07,747 - INFO - [SUCCESS] Processed inference for 678 | Duration: 4.71s
2025-05-06 11:51:08,838 - INFO - [START] Inference API hit for patient: 123 from 172.19.0.1
2025-05-06 11:51:23,536 - INFO - [SUCCESS] Processed inference for 123 | Duration: 14.70s
2025-05-06 12:09:58,613 - INFO - [START] Inference API hit for patient: 908 from 172.19.0.1
2025-05-06 12:10:00,230 - INFO - [SUCCESS] Processed inference for 908 | Duration: 1.62s
2025-05-07 08:17:52,617 - INFO - [START] Inference API hit for patient: 113 from 172.19.0.1
2025-05-07 08:18:06,168 - WARNING - Both images identified as Left eye. Missing right eye image.
2025-05-07 09:05:03,108 - INFO - Data inserted successfully for patient id 181
2025-05-07 09:15:53,522 - INFO - [START] Inference API hit for patient: 119 from 172.19.0.1
2025-05-07 09:15:55,596 - WARNING - Both images identified as Right eye. Missing left eye image.
2025-05-07 09:16:07,769 - INFO - [START] Inference API hit for patient: 119 from 172.19.0.1
2025-05-07 09:16:12,029 - INFO - [SUCCESS] Processed inference for 119 | Duration: 4.26s
2025-05-07 09:47:49,318 - INFO - [START] Inference API hit for patient: 131 from 172.19.0.1
2025-05-07 09:47:51,183 - INFO - [SUCCESS] Processed inference for 131 | Duration: 1.87s
2025-05-07 09:48:02,810 - INFO - [START] Inference API hit for patient: 132 from 172.19.0.1
2025-05-07 09:48:04,642 - INFO - [SUCCESS] Processed inference for 132 | Duration: 1.83s
2025-05-07 09:48:13,446 - INFO - [START] Inference API hit for patient: 133 from 172.19.0.1
2025-05-07 09:48:14,826 - WARNING - Both images identified as Left eye. Missing right eye image.
2025-05-07 09:48:37,245 - INFO - [START] Inference API hit for patient: 133 from 172.19.0.1
2025-05-07 09:48:38,472 - WARNING - Both images identified as Left eye. Missing right eye image.
2025-05-07 09:48:53,492 - INFO - [START] Inference API hit for patient: 133 from 172.19.0.1
2025-05-07 09:48:54,739 - WARNING - Both images identified as Left eye. Missing right eye image.
2025-05-07 09:49:07,766 - INFO - [START] Inference API hit for patient: 133 from 172.19.0.1
2025-05-07 09:49:09,924 - INFO - [SUCCESS] Processed inference for 133 | Duration: 2.16s
2025-05-07 11:36:42,105 - INFO - [START] Inference API hit for patient: 133 from 172.19.0.1
2025-05-07 11:36:51,510 - INFO - [SUCCESS] Processed inference for 133 | Duration: 9.41s
2025-05-07 11:44:40,588 - INFO - [START] Inference API hit for patient: 136 from 172.19.0.1
2025-05-07 11:44:44,663 - INFO - [SUCCESS] Processed inference for 136 | Duration: 4.07s
2025-05-07 14:13:59,749 - INFO - [START] Inference API hit for patient: 139 from 172.19.0.1
2025-05-07 14:14:03,405 - INFO - [SUCCESS] Processed inference for 139 | Duration: 3.66s
2025-05-07 14:47:16,767 - INFO - Data inserted successfully for patient id 181
2025-05-07 14:47:54,285 - INFO - Data inserted successfully for patient id 1811212
2025-06-19 09:37:28,488 - INFO - [START] Inference API hit for patient: 123 from 172.18.0.1
2025-06-19 09:37:45,033 - INFO - [SUCCESS] Processed inference for 123 | Duration: 16.54s
2025-06-19 10:38:55,108 - INFO - [START] Inference API hit for patient: 123 from 172.18.0.1
2025-06-19 10:39:09,504 - INFO - [SUCCESS] Processed inference for 123 | Duration: 14.40s
2025-06-19 10:43:06,235 - INFO - [START] Inference API hit for patient: 123 from 172.18.0.1
2025-06-19 10:43:12,846 - INFO - [SUCCESS] Processed inference for 123 | Duration: 6.61s
2025-06-19 13:09:42,263 - INFO - Data inserted successfully for patient id 181
2025-06-20 07:37:38,926 - ERROR -  Error retrieving patient data: name 'patient_id' is not defined
2025-06-20 07:46:00,559 - ERROR -  Error retrieving patient data: name 'patient_id' is not defined
2025-06-20 07:46:56,005 - ERROR -  Error retrieving patient data: name 'patient_id' is not defined
2025-06-20 07:47:37,192 - ERROR -  Error retrieving patient data: name 'patient_id' is not defined
2025-06-20 07:48:02,267 - INFO - Data inserted successfully for patient id 123
2025-06-20 07:58:59,405 - ERROR -  Error retrieving patient data: name 'patient_id' is not defined
2025-06-20 07:59:44,081 - INFO - Data get successfully for patient id 123
2025-06-20 08:00:20,801 - INFO - Data get successfully for patient id 1006
2025-06-20 08:00:44,292 - ERROR - An error occurred: 400: Patient ID exists but with a different mobile number.
2025-06-20 08:01:04,094 - ERROR - An error occurred: 400: HbA1c Level must be between 4.0% and 14.0%.
2025-06-20 08:01:15,844 - INFO - Data get successfully for patient id 1006
2025-06-20 08:01:26,830 - ERROR -  Error retrieving patient data: name 'patient_id' is not defined
2025-06-20 08:02:49,198 - ERROR -  Error retrieving patient data: name 'patient_id' is not defined
2025-06-20 08:03:15,358 - INFO - Data get successfully for patient id 123
2025-06-20 08:03:39,666 - INFO -  Deleted patient with patient_id 123
2025-06-20 08:03:47,058 - ERROR - An error occurred: 404: Patient not found
2025-06-20 08:04:36,171 - INFO - Data updated successfully for patient id 1006
2025-06-20 08:04:49,973 - ERROR -  Error retrieving patient data: name 'patient_id' is not defined
2025-06-20 08:07:57,844 - ERROR - An error occurred: 404: Patient not found
2025-06-20 08:08:23,311 - ERROR - An error occurred: 400: HbA1c Level must be between 4.0% and 14.0%.
2025-06-20 08:08:37,711 - ERROR - An error occurred: 400: Blood Pressure must be between 90 and 200 mmHg.
2025-06-20 08:09:30,063 - ERROR - An error occurred: 400: Blood Pressure must be between 90 and 200 mmHg.
2025-06-20 08:09:55,587 - ERROR - An error occurred: 400: Fasting Blood Glucose must be between 70 and 300 mg/dL.
2025-06-20 08:10:09,105 - ERROR - An error occurred: 400: BMI must be between 15 and 50 kg/m².
2025-06-20 08:10:27,347 - ERROR - An error occurred: 400: Cholesterol must be between 100 and 300 mg/dL.
2025-06-20 08:10:43,335 - ERROR - An error occurred: 400: Age must be between 18 and 90 years.
2025-06-20 08:10:56,796 - ERROR - An error occurred: 400: Albuminuria must be between 0.5 and 3.0 mg/dL.
2025-06-20 08:11:09,524 - ERROR - An error occurred: 400: Visual Acuity must be one of: Normal, Mild, Moderate, Severe, Proliferative
2025-06-20 08:11:47,691 - INFO - Data inserted successfully for patient id 1234567
2025-06-20 08:12:09,339 - INFO - Data inserted successfully for patient id 1234567
2025-06-20 08:12:20,083 - INFO - Data inserted successfully for patient id 1234567
2025-06-20 08:12:40,524 - ERROR - An error occurred: 400: Patient ID exists but with a different mobile number.
2025-06-20 08:13:02,171 - INFO - Data get successfully for patient id 1234567
2025-06-20 08:14:12,721 - INFO - Data updated successfully for patient id 1234567
2025-06-20 08:14:22,906 - ERROR -  Error retrieving patient data: name 'patient_id' is not defined
2025-06-20 08:14:44,672 - INFO - Data get successfully for patient id 1234567
2025-06-20 08:16:35,356 - INFO -  Deleted patient with patient_id 1234567
2025-06-20 08:16:43,890 - ERROR - An error occurred: 404: Patient not found
2025-06-20 08:38:48,842 - INFO - ✅ Data retrieved successfully for all patients
2025-06-20 08:41:13,116 - INFO - Data updated successfully for patient id 1001
2025-06-20 08:41:33,930 - INFO - Data get successfully for patient id 1001
2025-06-20 08:42:24,242 - INFO - Data get successfully for patient id 1001
2025-06-20 08:42:36,560 - INFO - ✅ Data retrieved successfully for all patients
2025-06-20 08:43:28,742 - INFO - Data updated successfully for patient id 1001
2025-06-20 08:43:39,144 - INFO - ✅ Data retrieved successfully for all patients
2025-06-20 08:44:16,931 - INFO - Data get successfully for patient id 1001
2025-06-20 08:44:54,855 - INFO - Data updated successfully for patient id 1001
2025-06-20 08:45:18,167 - INFO - Data get successfully for patient id 1001
2025-06-20 08:45:45,604 - INFO - Data updated successfully for patient id 1001
2025-06-20 08:46:01,227 - INFO - ✅ Data retrieved successfully for all patients
2025-06-20 08:46:30,738 - INFO - Data get successfully for patient id 1001
2025-06-20 08:49:14,901 - INFO - Data updated successfully for patient id 1001
2025-06-20 08:49:23,876 - INFO - Data get successfully for patient id 1001
2025-06-20 08:50:32,187 - INFO - ✅ Data retrieved successfully for all patients
2025-06-20 08:51:23,970 - INFO - Data updated successfully for patient id 1001
2025-06-20 08:51:37,794 - INFO - ✅ Data retrieved successfully for all patients
2025-06-20 08:57:02,860 - INFO - ✅ Data retrieved successfully for all patients
2025-06-20 08:57:55,052 - INFO - Data updated successfully for patient id 1001
2025-06-20 08:58:11,781 - INFO - Data get successfully for patient id 1001
2025-06-20 08:58:52,774 - ERROR - An error occurred: 400: HbA1c Level must be between 4.0% and 14.0%.
2025-06-20 08:59:06,231 - ERROR - An error occurred: 400: Blood Pressure must be between 90 and 200 mmHg.
2025-06-20 08:59:19,721 - ERROR - An error occurred: 400: Blood Pressure must be between 90 and 200 mmHg.
2025-06-20 08:59:27,928 - ERROR - An error occurred: 400: Blood Pressure must be between 90 and 200 mmHg.
2025-06-20 08:59:47,283 - ERROR - An error occurred: 400: BMI must be between 15 and 50 kg/m².
2025-06-20 09:00:02,134 - ERROR - An error occurred: 400: Cholesterol must be between 100 and 300 mg/dL.
2025-06-20 09:00:16,547 - ERROR - An error occurred: 400: Age must be between 18 and 90 years.
2025-06-20 09:00:25,322 - ERROR - An error occurred: 400: Albuminuria must be between 0.5 and 3.0 mg/dL.
2025-06-20 09:00:38,373 - ERROR - An error occurred: 400: Visual Acuity must be one of: Normal, Mild, Moderate, Severe, Proliferative
2025-06-20 09:01:22,759 - INFO - Data inserted successfully for patient id 6789
2025-06-20 09:01:42,603 - INFO - Data inserted successfully for patient id 6789
2025-06-20 09:01:46,228 - INFO - Data inserted successfully for patient id 6789
2025-06-20 09:01:53,580 - ERROR - An error occurred: 400: Patient ID exists but with a different mobile number.
2025-06-20 09:02:12,546 - INFO - Data get successfully for patient id 6789
2025-06-20 09:04:13,644 - INFO - Data updated successfully for patient id 6789
2025-06-20 09:04:32,686 - INFO - Data updated successfully for patient id 6789
2025-06-20 09:04:49,682 - INFO - Data get successfully for patient id 6789
2025-06-20 09:05:28,636 - INFO - Data inserted successfully for patient id 6789
2025-06-20 09:06:47,387 - INFO - Data inserted successfully for patient id 6789
2025-06-20 09:06:57,843 - INFO - Data inserted successfully for patient id 6789
2025-06-20 09:07:36,433 - INFO - Data inserted successfully for patient id 6789
2025-06-20 09:07:41,103 - INFO - Data get successfully for patient id 6789
2025-06-20 09:08:02,865 - ERROR - An error occurred: 400: Patient ID exists but with a different mobile number.
2025-06-20 09:08:33,740 - INFO -  Deleted patient with patient_id 6789
2025-06-20 09:08:41,588 - ERROR - An error occurred: 404: Patient not found
2025-06-20 09:08:50,954 - ERROR - Error while updating patient: 404: Patient not found
2025-06-20 09:09:02,678 - INFO - ✅ Data retrieved successfully for all patients
2025-06-20 10:42:27,340 - INFO - [START] Inference API hit for patient: 1001 from 172.18.0.1
2025-06-20 10:42:48,323 - INFO - [SUCCESS] Processed inference for 1001 | Duration: 20.98s
2025-06-20 11:08:41,927 - INFO - Data inserted successfully for patient id 181
2025-06-20 11:09:16,671 - INFO - Data inserted successfully for patient id 1001
2025-06-20 11:12:16,603 - INFO - Data inserted successfully for patient id 181
2025-06-20 11:12:39,406 - INFO - Data inserted successfully for patient id 1001
2025-06-20 11:58:15,086 - ERROR - An error occurred: 400: HbA1c Level must be between 4.0% and 14.0%.
2025-06-20 11:58:24,232 - ERROR - An error occurred: 400: Blood Pressure must be between 90 and 200 mmHg.
2025-06-20 11:58:38,546 - ERROR - An error occurred: 400: Fasting Blood Glucose must be between 70 and 300 mg/dL.
2025-06-20 11:58:55,560 - ERROR - An error occurred: 400: BMI must be between 15 and 50 kg/m².
2025-06-20 11:59:11,742 - ERROR - An error occurred: 400: Cholesterol must be between 100 and 300 mg/dL.
2025-06-20 11:59:30,123 - ERROR - An error occurred: 400: Albuminuria must be between 0.5 and 3.0 mg/dL.
2025-06-20 11:59:41,715 - ERROR - An error occurred: 400: Visual Acuity must be one of: Normal, Mild, Moderate, Severe, Proliferative
2025-06-20 12:00:24,283 - INFO - Data inserted successfully for patient id 9999
2025-06-20 12:01:01,192 - INFO - [START] Inference API hit for patient: 9999 from 172.18.0.1
2025-06-20 12:01:18,377 - INFO - [SUCCESS] Processed inference for 9999 | Duration: 17.19s
2025-06-20 12:12:14,421 - INFO - Data inserted successfully for patient id 9999
2025-06-23 06:55:13,870 - ERROR - Error: 404: No records found for this patient ID.
2025-06-23 06:55:45,918 - INFO - ✅ Data retrieved successfully for all patients
2025-06-23 06:57:04,111 - ERROR - Error: 404: No records found for this patient ID.
2025-06-23 06:59:52,764 - INFO - [START] Inference API hit for patient: 11111 from 172.18.0.1
2025-06-23 07:00:19,137 - INFO - [SUCCESS] Processed inference for 11111 | Duration: 26.37s
2025-06-23 07:02:09,193 - INFO - Data inserted successfully for patient id 11111
2025-06-23 07:02:58,525 - ERROR - An error occurred: 400: HbA1c Level must be between 4.0% and 14.0%.
2025-06-23 07:03:13,520 - ERROR - An error occurred: 400: Blood Pressure must be between 90 and 200 mmHg.
2025-06-23 07:03:26,470 - ERROR - An error occurred: 400: Fasting Blood Glucose must be between 70 and 300 mg/dL.
2025-06-23 07:03:50,715 - ERROR - An error occurred: 400: BMI must be between 15 and 50 kg/m².
2025-06-23 07:04:06,214 - ERROR - An error occurred: 400: Cholesterol must be between 100 and 300 mg/dL.
2025-06-23 07:04:31,797 - ERROR - An error occurred: 400: Albuminuria must be between 0.5 and 3.0 mg/dL.
2025-06-23 07:04:44,917 - ERROR - An error occurred: 400: Visual Acuity must be one of: Normal, Mild, Moderate, Severe, Proliferative
2025-06-23 07:05:23,862 - INFO - Data inserted successfully for patient id 11111
2025-06-23 07:05:36,018 - INFO - Data get successfully for patient id 11111
2025-06-23 07:27:08,211 - ERROR - Error: 404: No records found for this patient ID.
2025-06-23 07:28:39,564 - ERROR - Error: 404: No records found for this patient ID.
2025-06-23 07:32:49,433 - ERROR - Error: 404: No records found for this patient ID.
2025-06-23 07:39:10,507 - ERROR - Error: 404: No records found for this patient ID.
2025-06-23 07:39:21,243 - INFO - ✅ Data retrieved successfully for all patients
2025-06-23 07:41:20,812 - INFO - Data updated successfully for patient id 1001
2025-06-23 07:41:53,649 - INFO -  Deleted patient with patient_id 1001
2025-06-23 07:42:07,192 - ERROR - Error: 404: No records found for this patient ID.
2025-06-23 11:19:14,139 - ERROR - Error while updating patient: 404: Patient not found
2025-06-23 11:19:25,842 - INFO - ✅ Data retrieved successfully for all patients
2025-06-23 11:20:02,572 - ERROR - Error: 404: No records found for this patient ID.
2025-06-23 11:20:41,253 - ERROR - Error: 404: No records found for this patient ID.
2025-06-23 11:21:16,703 - ERROR - Error: 404: No records found for this patient ID.
2025-06-23 11:22:31,930 - INFO - Data inserted successfully for patient id 1006
2025-06-23 11:23:32,134 - ERROR - Error: 404: No records found for this patient ID.
2025-06-23 11:23:48,546 - INFO - Data inserted successfully for patient id 125
2025-06-23 11:57:09,843 - INFO - ✅ Data retrieved successfully for all patients
2025-06-23 11:58:29,704 - ERROR - An error occurred: 400: HbA1c Level must be between 4.0% and 14.0%.
2025-06-23 11:58:44,123 - ERROR - An error occurred: 400: Blood Pressure must be between 90 and 200 mmHg.
2025-06-23 11:58:54,719 - ERROR - An error occurred: 400: Fasting Blood Glucose must be between 70 and 300 mg/dL.
2025-06-23 11:59:08,483 - ERROR - An error occurred: 400: BMI must be between 15 and 50 kg/m².
2025-06-23 11:59:21,533 - ERROR - An error occurred: 400: Cholesterol must be between 100 and 300 mg/dL.
2025-06-23 11:59:46,061 - ERROR - An error occurred: 400: Albuminuria must be between 0.5 and 3.0 mg/dL.
2025-06-23 11:59:54,630 - ERROR - An error occurred: 400: Visual Acuity must be one of: Normal, Mild, Moderate, Severe, Proliferative
2025-06-23 12:00:26,462 - INFO - Data inserted successfully for patient id 528
2025-06-23 12:00:51,517 - INFO - Data inserted successfully for patient id 529
2025-06-23 12:05:39,961 - INFO - Data inserted successfully for patient id 530
2025-06-23 12:22:44,339 - INFO - ✅ Data retrieved successfully for all patients
2025-06-23 12:23:38,132 - INFO - Returning patient 125 – new visit recorded.
2025-06-23 12:23:38,142 - ERROR - An error occurred: 400: HbA1c Level must be between 4.0% and 14.0%.
2025-06-23 12:23:54,661 - INFO - Returning patient 125 – new visit recorded.
2025-06-23 12:23:54,671 - ERROR - An error occurred: 400: Blood Pressure must be between 90 and 200 mmHg.
2025-06-23 12:24:10,436 - INFO - Returning patient 125 – new visit recorded.
2025-06-23 12:24:10,445 - ERROR - An error occurred: 400: Fasting Blood Glucose must be between 70 and 300 mg/dL.
2025-06-23 12:24:27,733 - INFO - Returning patient 125 – new visit recorded.
2025-06-23 12:24:27,774 - ERROR - An error occurred: 400: BMI must be between 15 and 50 kg/m².
2025-06-23 12:24:38,994 - INFO - Returning patient 125 – new visit recorded.
2025-06-23 12:24:39,003 - ERROR - An error occurred: 400: Cholesterol must be between 100 and 300 mg/dL.
2025-06-23 12:25:07,035 - INFO - Returning patient 125 – new visit recorded.
2025-06-23 12:25:07,062 - ERROR - An error occurred: 400: Albuminuria must be between 0.5 and 3.0 mg/dL.
2025-06-23 12:25:17,646 - INFO - Returning patient 125 – new visit recorded.
2025-06-23 12:25:17,656 - ERROR - An error occurred: 400: Visual Acuity must be one of: Normal, Mild, Moderate, Severe, Proliferative
2025-06-23 12:25:29,617 - INFO - Returning patient 125 – new visit recorded.
2025-06-23 12:25:29,635 - INFO - Data inserted successfully for patient id 125
2025-06-23 12:26:20,279 - INFO - Returning patient 125 – new visit recorded.
2025-06-23 12:26:20,300 - INFO - Data inserted successfully for patient id 125
2025-06-23 12:39:37,753 - INFO - ✅ Data retrieved successfully for all patients
2025-06-23 12:40:25,970 - ERROR - An error occurred: 400: Patient ID exists but with a different mobile number.
2025-06-23 12:40:40,378 - ERROR - An error occurred: 400: Patient ID exists but with a different mobile number.
2025-06-23 12:41:10,940 - ERROR - An error occurred: 400: Patient ID exists but with a different mobile number.
2025-06-23 12:41:21,813 - ERROR - An error occurred: 400: Patient ID exists but with a different mobile number.
2025-06-23 12:42:23,557 - INFO - Returning patient 1006 – new visit recorded.
2025-06-23 12:42:23,566 - ERROR - An error occurred: 400: HbA1c Level must be between 4.0% and 14.0%.
2025-06-23 12:43:07,783 - INFO - Returning patient 125 – new visit recorded.
2025-06-23 12:43:07,818 - ERROR - An error occurred: 400: HbA1c Level must be between 4.0% and 14.0%.
2025-06-23 12:43:22,872 - INFO - Returning patient 125 – new visit recorded.
2025-06-23 12:43:22,909 - ERROR - An error occurred: 400: HbA1c Level must be between 4.0% and 14.0%.
2025-06-23 12:43:38,882 - INFO - Returning patient 125 – new visit recorded.
2025-06-23 12:43:38,890 - ERROR - An error occurred: 400: Blood Pressure must be between 90 and 200 mmHg.
2025-06-23 12:43:49,421 - INFO - Returning patient 125 – new visit recorded.
2025-06-23 12:43:49,429 - ERROR - An error occurred: 400: Fasting Blood Glucose must be between 70 and 300 mg/dL.
2025-06-23 12:44:01,402 - INFO - Returning patient 125 – new visit recorded.
2025-06-23 12:44:01,410 - ERROR - An error occurred: 400: BMI must be between 15 and 50 kg/m².
2025-06-23 12:44:15,311 - INFO - Returning patient 125 – new visit recorded.
2025-06-23 12:44:15,350 - ERROR - An error occurred: 400: Cholesterol must be between 100 and 300 mg/dL.
2025-06-23 12:44:33,984 - INFO - Returning patient 125 – new visit recorded.
2025-06-23 12:44:34,024 - ERROR - An error occurred: 400: Albuminuria must be between 0.5 and 3.0 mg/dL.
2025-06-23 12:45:33,133 - INFO - Returning patient 125 – new visit recorded.
2025-06-23 12:45:33,151 - INFO - ✅ Patient record created for patient_id 125
2025-06-23 12:45:48,339 - INFO - ✅ Data retrieved successfully for all patients
2025-06-23 12:46:14,401 - ERROR - An error occurred: 400: Patient ID exists but with a different mobile number.
2025-06-23 12:46:14,625 - ERROR - An error occurred: 400: Patient ID exists but with a different mobile number.
2025-06-23 12:48:09,432 - INFO - ✅ Data retrieved successfully for all patients
2025-06-23 12:48:44,891 - ERROR - An error occurred: 400: Patient ID exists but with a different mobile number.
2025-06-23 12:52:26,237 - INFO - Returning patient 11111 – new visit recorded.
2025-06-23 12:52:26,255 - INFO - ✅ Patient record created for patient_id 11111
2025-06-23 12:52:37,597 - ERROR - An error occurred: 400: Patient ID exists but with a different mobile number.
2025-06-23 12:53:04,543 - INFO - Returning patient 11111 – new visit recorded.
2025-06-23 12:53:04,562 - INFO - ✅ Patient record created for patient_id 11111
2025-06-23 12:53:12,739 - ERROR - An error occurred: 400: Patient ID exists but with a different mobile number.
2025-06-23 12:53:22,285 - INFO - New patient 111114 – first-time registration.
2025-06-23 12:53:22,336 - INFO - ✅ Patient record created for patient_id 111114
2025-06-23 12:53:29,616 - ERROR - An error occurred: 400: Patient ID exists but with a different mobile number.
2025-06-23 12:53:59,089 - INFO - Data get successfully for patient id 111114
2025-06-23 12:54:30,999 - INFO - ✅ Data retrieved successfully for all patients
2025-06-23 12:55:13,982 - INFO - Data updated successfully for patient id 111114
2025-06-23 12:55:34,807 - INFO - Data get successfully for patient id 111114
2025-06-23 13:55:29,442 - INFO - New patient 2000 – first-time registration.
2025-06-23 13:55:29,460 - ERROR - An error occurred: 400: HbA1c Level must be between 4.0% and 14.0%.
2025-06-23 13:56:19,767 - INFO - New patient 2000 – first-time registration.
2025-06-23 13:56:19,816 - ERROR - An error occurred: 400: HbA1c Level must be between 4.0% and 14.0%.
2025-06-23 13:56:41,853 - INFO - New patient 2000 – first-time registration.
2025-06-23 13:56:41,900 - ERROR - An error occurred: 400: Blood Pressure must be between 90 and 200 mmHg.
2025-06-23 13:57:03,146 - INFO - New patient 2000 – first-time registration.
2025-06-23 13:57:03,156 - ERROR - An error occurred: 400: Fasting Blood Glucose must be between 70 and 300 mg/dL.
2025-06-23 13:57:16,081 - INFO - New patient 2000 – first-time registration.
2025-06-23 13:57:16,119 - ERROR - An error occurred: 400: BMI must be between 15 and 50 kg/m².
2025-06-23 13:57:41,536 - INFO - New patient 2000 – first-time registration.
2025-06-23 13:57:41,586 - ERROR - An error occurred: 400: Cholesterol must be between 100 and 300 mg/dL.
2025-06-23 13:57:58,559 - INFO - New patient 2000 – first-time registration.
2025-06-23 13:57:58,574 - ERROR - An error occurred: 400: Age must be between 18 and 90 years.
2025-06-23 13:58:15,424 - INFO - New patient 2000 – first-time registration.
2025-06-23 13:58:15,436 - ERROR - An error occurred: 400: Albuminuria must be between 0.5 and 3.0 mg/dL.
2025-06-23 13:58:27,633 - INFO - New patient 2000 – first-time registration.
2025-06-23 13:58:27,695 - ERROR - An error occurred: 400: Visual Acuity must be one of: Normal, Mild, Moderate, Severe, Proliferative
2025-06-23 13:58:42,173 - INFO - New patient 2000 – first-time registration.
2025-06-23 13:58:42,199 - INFO - ✅ Patient record created for patient_id 2000
2025-06-23 13:58:58,312 - INFO - Returning patient 2000 – new visit recorded.
2025-06-23 13:58:58,336 - INFO - ✅ Patient record created for patient_id 2000
2025-06-23 13:59:12,277 - ERROR - An error occurred: 400: Patient ID exists but with a different mobile number.
2025-06-23 13:59:41,547 - INFO - Data get successfully for patient id 2000
2025-06-23 14:01:07,234 - INFO - Data updated successfully for patient id 2000
2025-06-23 14:01:20,553 - INFO - Data get successfully for patient id 2000
2025-06-23 14:04:00,260 - INFO - Data get successfully for patient id 2000
2025-06-23 14:04:59,851 - INFO - Data updated successfully for patient id 2000
2025-06-23 14:05:20,684 - INFO - Data get successfully for patient id 2000
2025-06-23 14:06:44,836 - ERROR - An error occurred: 400: Patient ID exists but with a different mobile number.
2025-06-23 14:07:02,186 - ERROR - An error occurred: 400: Patient ID exists but with a different mobile number.
2025-06-23 14:07:20,861 - INFO - Returning patient 2000 – new visit recorded.
2025-06-23 14:07:20,898 - ERROR - An error occurred: 400: HbA1c Level must be between 4.0% and 14.0%.
2025-06-23 14:08:41,109 - INFO -  Deleted patient with patient_id 2000
2025-06-23 14:09:00,442 - ERROR - An error occurred: 404: Patient not found
2025-06-23 14:09:19,567 - INFO - ✅ Data retrieved successfully for all patients
2025-06-23 14:20:23,182 - INFO - New patient 1990 – first-time registration.
2025-06-23 14:20:23,195 - ERROR - An error occurred: 400: HbA1c Level must be between 4.0% and 14.0%.
2025-06-23 14:20:45,528 - INFO - New patient 1990 – first-time registration.
2025-06-23 14:20:45,578 - ERROR - An error occurred: 400: Blood Pressure must be between 90 and 200 mmHg.
2025-06-23 14:21:26,409 - INFO - New patient 1990 – first-time registration.
2025-06-23 14:21:26,439 - ERROR - An error occurred: 400: HbA1c Level must be between 4.0% and 14.0%.
2025-06-23 14:21:43,436 - INFO - New patient 1990 – first-time registration.
2025-06-23 14:21:43,450 - ERROR - An error occurred: 400: Blood Pressure must be between 90 and 200 mmHg.
2025-06-23 14:22:13,369 - INFO - New patient 1990 – first-time registration.
2025-06-23 14:22:13,379 - ERROR - An error occurred: 400: Fasting Blood Glucose must be between 70 and 300 mg/dL.
2025-06-23 14:22:34,332 - INFO - New patient 1990 – first-time registration.
2025-06-23 14:22:34,347 - ERROR - An error occurred: 400: BMI must be between 15 and 50 kg/m².
2025-06-23 14:23:01,404 - INFO - New patient 1990 – first-time registration.
2025-06-23 14:23:01,428 - ERROR - An error occurred: 400: Cholesterol must be between 100 and 300 mg/dL.
2025-06-23 14:23:59,542 - INFO - New patient 1990 – first-time registration.
2025-06-23 14:23:59,555 - ERROR - An error occurred: 400: Age must be between 18 and 90 years.
2025-06-23 14:24:10,242 - INFO - New patient 1990 – first-time registration.
2025-06-23 14:24:10,256 - ERROR - An error occurred: 400: Albuminuria must be between 0.5 and 3.0 mg/dL.
2025-06-23 14:24:31,944 - INFO - New patient 1990 – first-time registration.
2025-06-23 14:24:31,954 - ERROR - An error occurred: 400: Visual Acuity must be one of: Normal, Mild, Moderate, Severe, Proliferative
2025-06-23 14:24:49,598 - INFO - New patient 1990 – first-time registration.
2025-06-23 14:24:49,608 - ERROR - An error occurred: 400: Mobile number must contain exactly 10 digits.
2025-06-23 14:25:09,461 - INFO - New patient 1990 – first-time registration.
2025-06-23 14:25:09,488 - INFO - ✅ Patient record created for patient_id 1990
2025-06-23 14:25:28,396 - ERROR - An error occurred: 400: Patient ID exists but with a different mobile number.
2025-06-23 14:25:39,428 - ERROR - An error occurred: 400: Patient ID exists but with a different mobile number.
2025-06-23 14:26:07,482 - INFO - Returning patient 1990 – new visit recorded.
2025-06-23 14:26:07,502 - INFO - ✅ Patient record created for patient_id 1990
2025-06-23 14:26:15,715 - ERROR - An error occurred: 400: Patient ID exists but with a different mobile number.
2025-06-23 14:26:45,555 - ERROR - An error occurred: 400: Patient ID exists but with a different mobile number.
2025-06-23 14:26:56,553 - INFO - Returning patient 1990 – new visit recorded.
2025-06-23 14:26:56,569 - INFO - ✅ Patient record created for patient_id 1990
2025-06-23 14:28:12,122 - INFO - New patient 1991 – first-time registration.
2025-06-23 14:28:12,144 - ERROR - An error occurred: 400: Mobile number must contain exactly 10 digits.
2025-06-23 14:28:29,563 - INFO - New patient 1991 – first-time registration.
2025-06-23 14:28:29,576 - ERROR - An error occurred: 400: Mobile number must contain exactly 10 digits.
2025-06-23 14:34:33,800 - ERROR - Error while updating patient: 404: Patient not found
2025-06-23 14:34:52,919 - ERROR - An error occurred: 404: Patient not found
2025-06-23 14:35:32,667 - INFO - ✅ Data retrieved successfully for all patients
2025-06-23 14:35:48,699 - ERROR - Error while updating patient: 400: Mobile number must contain exactly 10 digits.
2025-06-23 14:36:08,755 - INFO - Data updated successfully for patient id 125
2025-06-23 14:36:47,491 - ERROR - An error occurred: 400: Patient ID exists but with a different mobile number.
2025-06-23 14:37:08,698 - INFO - Returning patient 125 – new visit recorded.
2025-06-23 14:37:08,707 - ERROR - An error occurred: 400: HbA1c Level must be between 4.0% and 14.0%.
2025-06-23 14:37:31,907 - ERROR - An error occurred: 400: Patient ID exists but with a different mobile number.
2025-06-24 05:04:27,474 - INFO - ✅ Data retrieved successfully for all patients
2025-06-24 09:54:16,309 - ERROR - Error: 404: No records found for this patient ID.
